;  LST file generated by mikroListExporter - v.2.0 
; Date/Time: 27/04/2022 23:29:22
;----------------------------------------------

;Address Opcode 	ASM
0x0000	0x2842      	GOTO       66
_____DoIFC:
;__Lib_System.c,15 :: 		
;__Lib_System.c,18 :: 		
0x0003	0x1283      	BCF        STATUS, 5
0x0004	0x1303      	BCF        STATUS, 6
0x0005	0x0822      	MOVF       ___DoICPAddr+1, 0
0x0006	0x008A      	MOVWF      PCLATH
;__Lib_System.c,19 :: 		
0x0007	0x0821      	MOVF       ___DoICPAddr, 0
0x0008	0x0082      	MOVWF      PCL
;__Lib_System.c,21 :: 		
L_end_____DoIFC:
0x0009	0x0008      	RETURN
; end of _____DoIFC
_SPI1_Write:
;__Lib_SPI_c345.c,77 :: 		
;__Lib_SPI_c345.c,80 :: 		
0x000A	0x1283      	BCF        STATUS, 5
0x000B	0x1303      	BCF        STATUS, 6
0x000C	0x0820      	MOVF       FARG_SPI1_Write_data_, 0
0x000D	0x0093      	MOVWF      SSPBUF
;__Lib_SPI_c345.c,81 :: 		
L_SPI1_Write8:
0x000E	0x1683      	BSF        STATUS, 5
0x000F	0x1814      	BTFSC      SSPSTAT, 0
0x0010	0x2813      	GOTO       L_SPI1_Write9
;__Lib_SPI_c345.c,82 :: 		
0x0011	0x0000      	NOP
0x0012	0x280E      	GOTO       L_SPI1_Write8
L_SPI1_Write9:
;__Lib_SPI_c345.c,83 :: 		
0x0013	0x1283      	BCF        STATUS, 5
0x0014	0x0813      	MOVF       SSPBUF, 0
0x0015	0x00F0      	MOVWF      R0
;__Lib_SPI_c345.c,84 :: 		
L_end_SPI1_Write:
0x0016	0x0008      	RETURN
; end of _SPI1_Write
_SPI1_Init:
;__Lib_SPI_c345.c,23 :: 		
;__Lib_SPI_c345.c,24 :: 		
0x0017	0x30FF      	MOVLW      _SPI1_Read
0x0018	0x1283      	BCF        STATUS, 5
0x0019	0x1303      	BCF        STATUS, 6
0x001A	0x00A6      	MOVWF      _SPI_Rd_Ptr
0x001B	0x30FF      	MOVLW      hi_addr(_SPI1_Read)
0x001C	0x00A7      	MOVWF      _SPI_Rd_Ptr+1
0x001D	0x30FF      	MOVLW      FARG_SPI1_Read_buffer
0x001E	0x00A8      	MOVWF      _SPI_Rd_Ptr+2
0x001F	0x30FF      	MOVLW      hi_addr(FARG_SPI1_Read_buffer)
;__Lib_SPI_c345.c,25 :: 		
0x0020	0x300A      	MOVLW      _SPI1_Write
0x0021	0x00A3      	MOVWF      _SPI_Wr_Ptr
0x0022	0x3000      	MOVLW      hi_addr(_SPI1_Write)
0x0023	0x00A4      	MOVWF      _SPI_Wr_Ptr+1
0x0024	0x3020      	MOVLW      FARG_SPI1_Write_data_
0x0025	0x00A5      	MOVWF      _SPI_Wr_Ptr+2
0x0026	0x3000      	MOVLW      hi_addr(FARG_SPI1_Write_data_)
;__Lib_SPI_c345.c,29 :: 		
0x0027	0x1683      	BSF        STATUS, 5
0x0028	0x1287      	BCF        TRISC5_bit, BitPos(TRISC5_bit+0)
;__Lib_SPI_c345.c,30 :: 		
0x0029	0x1187      	BCF        TRISC3_bit, BitPos(TRISC3_bit+0)
;__Lib_SPI_c345.c,31 :: 		
0x002A	0x1607      	BSF        TRISC4_bit, BitPos(TRISC4_bit+0)
;__Lib_SPI_c345.c,33 :: 		
0x002B	0x1283      	BCF        STATUS, 5
0x002C	0x0194      	CLRF       SSPCON
;__Lib_SPI_c345.c,34 :: 		
0x002D	0x3040      	MOVLW      64
0x002E	0x1683      	BSF        STATUS, 5
0x002F	0x0094      	MOVWF      SSPSTAT
;__Lib_SPI_c345.c,35 :: 		
0x0030	0x1283      	BCF        STATUS, 5
0x0031	0x1694      	BSF        SSPCON, 5
;__Lib_SPI_c345.c,36 :: 		
L_end_SPI1_Init:
0x0032	0x0008      	RETURN
; end of _SPI1_Init
_SPI_Write:
;__Lib_SPI_c345.c,96 :: 		
;__Lib_SPI_c345.c,97 :: 		
0x0033	0x1283      	BCF        STATUS, 5
0x0034	0x1303      	BCF        STATUS, 6
0x0035	0x0825      	MOVF       _SPI_Wr_Ptr+2, 0
0x0036	0x0084      	MOVWF      FSR
0x0037	0x0829      	MOVF       FARG_SPI_Write_data_out, 0
0x0038	0x0080      	MOVWF      INDF
0x0039	0x0A84      	INCF       FSR, 1
0x003A	0x0823      	MOVF       _SPI_Wr_Ptr, 0
0x003B	0x00A1      	MOVWF      ___DoICPAddr
0x003C	0x0824      	MOVF       _SPI_Wr_Ptr+1, 0
0x003D	0x00A2      	MOVWF      ___DoICPAddr+1
0x003E	0x2003      	CALL       _____DoIFC
0x003F	0x118A      	BCF        PCLATH, 3
0x0040	0x120A      	BCF        PCLATH, 4
;__Lib_SPI_c345.c,98 :: 		
L_end_SPI_Write:
0x0041	0x0008      	RETURN
; end of _SPI_Write
_main:
;spi.c,1 :: 		void main()
;spi.c,3 :: 		SPI1_Init();
0x0042	0x2017      	CALL       _SPI1_Init
;spi.c,4 :: 		while(1)
L_main0:
;spi.c,6 :: 		SPI1_Write(0X0A);
0x0043	0x300A      	MOVLW      10
0x0044	0x00A0      	MOVWF      FARG_SPI1_Write_data_
0x0045	0x200A      	CALL       _SPI1_Write
;spi.c,7 :: 		SPI_Write(0X0F);
0x0046	0x300F      	MOVLW      15
0x0047	0x00A9      	MOVWF      FARG_SPI_Write_data_out
0x0048	0x2033      	CALL       _SPI_Write
;spi.c,8 :: 		SPI_Write(0X15);
0x0049	0x3015      	MOVLW      21
0x004A	0x1283      	BCF        STATUS, 5
0x004B	0x1303      	BCF        STATUS, 6
0x004C	0x00A9      	MOVWF      FARG_SPI_Write_data_out
0x004D	0x2033      	CALL       _SPI_Write
;spi.c,9 :: 		Delay_ms(100);
0x004E	0x3002      	MOVLW      2
0x004F	0x1283      	BCF        STATUS, 5
0x0050	0x1303      	BCF        STATUS, 6
0x0051	0x00FB      	MOVWF      R11
0x0052	0x3004      	MOVLW      4
0x0053	0x00FC      	MOVWF      R12
0x0054	0x30BA      	MOVLW      186
0x0055	0x00FD      	MOVWF      R13
L_main2:
0x0056	0x0BFD      	DECFSZ     R13, 1
0x0057	0x2856      	GOTO       L_main2
0x0058	0x0BFC      	DECFSZ     R12, 1
0x0059	0x2856      	GOTO       L_main2
0x005A	0x0BFB      	DECFSZ     R11, 1
0x005B	0x2856      	GOTO       L_main2
0x005C	0x0000      	NOP
;spi.c,10 :: 		}
0x005D	0x2843      	GOTO       L_main0
;spi.c,11 :: 		}
L_end_main:
0x005E	0x285E      	GOTO       $+0
; end of _main
Symbol List:
//** Routines locations **
//ADDRESS    SIZE    PROCEDURE
//----------------------------------------------
0x0003       [7]    _____DoIFC
0x000A      [13]    _SPI1_Write
0x0017      [28]    _SPI1_Init
0x0033      [15]    _SPI_Write
0x0042      [29]    _main
//** Variables locations ** 
//ADDRESS    SIZE    VARIABLE
//----------------------------------------------
0x0000       [1]    INDF
0x0002       [1]    PCL
0x0003       [1]    STATUS
0x0004       [1]    FSR
0x000A       [1]    PCLATH
0x0013       [1]    SSPBUF
0x0014       [1]    SSPCON
0x0020       [1]    FARG_SPI1_Write_data_
0x0021       [2]    ___DoICPAddr
0x0023       [3]    _SPI_Wr_Ptr
0x0026       [3]    _SPI_Rd_Ptr
0x0029       [1]    FARG_SPI_Write_data_out
0x0070       [1]    R0
0x0071       [1]    R1
0x0072       [1]    R2
0x0073       [1]    R3
0x0074       [1]    R4
0x0075       [1]    R5
0x0076       [1]    R6
0x0077       [1]    R7
0x0078       [1]    R8
0x0079       [1]    R9
0x007A       [1]    R10
0x007B       [1]    R11
0x007C       [1]    R12
0x007D       [1]    R13
0x007E       [1]    R14
0x007F       [1]    R15
0x0087       [0]    TRISC4_bit
0x0087       [0]    TRISC3_bit
0x0087       [0]    TRISC5_bit
0x0094       [1]    SSPSTAT
